(---------------------------------------------------------------------)
(                                                                     )
(    ARTWORK LOG                                                      )
(                                                                     )
(    Drawing          : sanT_4ch.brd                                  )
(    Software Version : 16.5P002                                      )
(    Date/Time        : Sun Jun 18 14:22:39 2017                      )
(                                                                     )
(---------------------------------------------------------------------)


 ---- Photoplot outline rectangle not found ... using drawing extents



Results from parameter file ...
    DEVICE-TYPE           GERBER_RS274X
    OUTPUT-UNITS          INCHES
    FILM-SIZE             2400000 1600000
    FORMAT                3.5
    ABORT-ON-ERROR        YES
    SCALE                 1
    SUPPRESS-LEAD-ZEROES  YES
    SUPPRESS-TRAIL-ZEROES NO
    SUPPRESS-EQUAL        YES
    UNDEF-APT-CONT        NO


================================================================
     PROCESSING FILM < TOP >
     TO FILE < E:/san4ch/Sant4ch/Board/TOP.art > ...
================================================================

  FILM PARAMETERS :
  ---------------------------------------------------------
  Undefined line width                6.0
  Mirror code                         NONE
  Rotate angle                        NONE
  Offset x:                           0.0
  Offset y:                           0.0
  Plot negative                       NO
  Suppress unconnected internal pads  NO



  APERTURES USED:
  ---------------------------------------------------------
  TYPE       SIZE/NAME                   ROT   MIRROR MODE 
  ---------------------------------------------------------
  CIRCLE     0.00510                                  DARK 
  CIRCLE     0.01200                                  DARK 
  CIRCLE     0.01970                                  DARK 
  CIRCLE     0.02000                                  DARK 
  CIRCLE     0.02360                                  DARK 
  CIRCLE     0.04000                                  DARK 
  CIRCLE     0.05910                                  DARK 
  CIRCLE     0.06690                                  DARK 
  CIRCLE     0.07870                                  DARK 
  CIRCLE     0.08460                                  DARK 
  CIRCLE     0.09840                                  DARK 
  CIRCLE     0.13150                                  DARK 
  CIRCLE     0.20470                                  DARK 
  SQUARE     0.05910                     0.000 NO     DARK 
  SQUARE     0.06690                     0.000 NO     DARK 
  SQUARE     0.07870                     0.000 NO     DARK 
  RECTANGLE  0.01570     x 0.05510       0.000 NO     DARK 
  RECTANGLE  0.03150     x 0.05910       0.000 NO     DARK 
  RECTANGLE  0.03150     x 0.05910      90.000 NO     DARK 
  RECTANGLE  0.03940     x 0.03740       0.000 NO     DARK 
  RECTANGLE  0.03940     x 0.03740      90.000 NO     DARK 
  OBLONG     0.01570     x 0.06300      90.000 NO     DARK 
  OBLONG     0.02400     x 0.08540       0.000 NO     DARK 
  OBLONG     0.04330     x 0.05910       0.000 NO     DARK 
  PAD SHAPE  SRX1_93Y1_90R0_10           0.000 NO     DARK 
  PAD SHAPE  SRX0_63Y1_90R0_10           0.000 NO     DARK 

     TOP created.


================================================================
     PROCESSING FILM < BOTTOM >
     TO FILE < E:/san4ch/Sant4ch/Board/BOTTOM.art > ...
================================================================

  FILM PARAMETERS :
  ---------------------------------------------------------
  Undefined line width                6.0
  Mirror code                         NONE
  Rotate angle                        NONE
  Offset x:                           0.0
  Offset y:                           0.0
  Plot negative                       NO
  Suppress unconnected internal pads  NO



  APERTURES USED:
  ---------------------------------------------------------
  TYPE       SIZE/NAME                   ROT   MIRROR MODE 
  ---------------------------------------------------------
  CIRCLE     0.00510                                  DARK 
  CIRCLE     0.01180                                  DARK 
  CIRCLE     0.01200                                  DARK 
  CIRCLE     0.01970                                  DARK 
  CIRCLE     0.02000                                  DARK 
  CIRCLE     0.02360                                  DARK 
  CIRCLE     0.03940                                  DARK 
  CIRCLE     0.04000                                  DARK 
  CIRCLE     0.05910                                  DARK 
  CIRCLE     0.06690                                  DARK 
  CIRCLE     0.07870                                  DARK 
  CIRCLE     0.08000                                  DARK 
  CIRCLE     0.08460                                  DARK 
  CIRCLE     0.09840                                  DARK 
  CIRCLE     0.13150                                  DARK 
  CIRCLE     0.20470                                  DARK 
  SQUARE     0.05910                     0.000 NO     DARK 
  SQUARE     0.06690                     0.000 NO     DARK 
  SQUARE     0.07870                     0.000 NO     DARK 
  OBLONG     0.04330     x 0.05910       0.000 NO     DARK 

     BOTTOM created.


================================================================
     PROCESSING FILM < SICKSCRESSEN_TOP >
     TO FILE < E:/san4ch/Sant4ch/Board/SICKSCRESSEN_TOP.art > ...
================================================================

  FILM PARAMETERS :
  ---------------------------------------------------------
  Undefined line width                6.0
  Mirror code                         NONE
  Rotate angle                        NONE
  Offset x:                           0.0
  Offset y:                           0.0
  Plot negative                       NO
  Suppress unconnected internal pads  NO

    WARNING: 0 width line found at (-1607.1 -858.3)
           ... using undefined line width of 6.0

    WARNING: Multiple 0 width lines; all will be treated the same as the first.
           ... using undefined line width of 6.0

    WARNING: text composed 0 width line found at (-1726.4 -831.5)
           ... using undefined line width of 6.0

    WARNING: text having Multiple 0 width lines; all will be treated the same as the first.
           ... using undefined line width of 6.0



  APERTURES USED:
  ---------------------------------------------------------
  TYPE       SIZE/NAME                   ROT   MIRROR MODE 
  ---------------------------------------------------------
  CIRCLE     0.00510                                  DARK 
  CIRCLE     0.00590                                  DARK 
  CIRCLE     0.00600                                  DARK 
  CIRCLE     0.00790                                  DARK 
  CIRCLE     0.00980                                  DARK 
  CIRCLE     0.01180                                  DARK 

     SICKSCRESSEN_TOP created with warnings


================================================================
     PROCESSING FILM < SOLDRMSASK_TOP >
     TO FILE < E:/san4ch/Sant4ch/Board/SOLDRMSASK_TOP.art > ...
================================================================

  FILM PARAMETERS :
  ---------------------------------------------------------
  Undefined line width                6.0
  Mirror code                         NONE
  Rotate angle                        NONE
  Offset x:                           0.0
  Offset y:                           0.0
  Plot negative                       NO
  Suppress unconnected internal pads  NO



  APERTURES USED:
  ---------------------------------------------------------
  TYPE       SIZE/NAME                   ROT   MIRROR MODE 
  ---------------------------------------------------------
  CIRCLE     0.00600                                  DARK 
  CIRCLE     0.02360                                  DARK 
  CIRCLE     0.06300                                  DARK 
  CIRCLE     0.07090                                  DARK 
  CIRCLE     0.08270                                  DARK 
  CIRCLE     0.08860                                  DARK 
  CIRCLE     0.10240                                  DARK 
  SQUARE     0.06300                     0.000 NO     DARK 
  SQUARE     0.07090                     0.000 NO     DARK 
  SQUARE     0.08270                     0.000 NO     DARK 
  RECTANGLE  0.01770     x 0.05710       0.000 NO     DARK 
  RECTANGLE  0.03540     x 0.06300       0.000 NO     DARK 
  RECTANGLE  0.03540     x 0.06300      90.000 NO     DARK 
  RECTANGLE  0.04330     x 0.04130       0.000 NO     DARK 
  RECTANGLE  0.04330     x 0.04130      90.000 NO     DARK 
  OBLONG     0.02360     x 0.07090      90.000 NO     DARK 
  OBLONG     0.03190     x 0.09330       0.000 NO     DARK 
  OBLONG     0.04330     x 0.05910       0.000 NO     DARK 
  PAD SHAPE  SRX2_03Y2_00R0_10           0.000 NO     DARK 
  PAD SHAPE  SRX0_73Y2_00R0_10           0.000 NO     DARK 

     SOLDRMSASK_TOP created.


================================================================
     PROCESSING FILM < SOLDRMSARK_BOTTOM >
     TO FILE < E:/san4ch/Sant4ch/Board/SOLDRMSARK_BOTTOM.art > ...
================================================================

  FILM PARAMETERS :
  ---------------------------------------------------------
  Undefined line width                6.0
  Mirror code                         NONE
  Rotate angle                        NONE
  Offset x:                           0.0
  Offset y:                           0.0
  Plot negative                       NO
  Suppress unconnected internal pads  NO



  APERTURES USED:
  ---------------------------------------------------------
  TYPE       SIZE/NAME                   ROT   MIRROR MODE 
  ---------------------------------------------------------
  CIRCLE     0.02360                                  DARK 
  CIRCLE     0.06300                                  DARK 
  CIRCLE     0.07090                                  DARK 
  CIRCLE     0.08270                                  DARK 
  CIRCLE     0.08860                                  DARK 
  CIRCLE     0.10240                                  DARK 
  SQUARE     0.06300                     0.000 NO     DARK 
  SQUARE     0.07090                     0.000 NO     DARK 
  SQUARE     0.08270                     0.000 NO     DARK 
  OBLONG     0.04330     x 0.05910       0.000 NO     DARK 

     SOLDRMSARK_BOTTOM created.


================================================================
     PROCESSING FILM < PASTEMASK_TOP >
     TO FILE < E:/san4ch/Sant4ch/Board/PASTEMASK_TOP.art > ...
================================================================

  FILM PARAMETERS :
  ---------------------------------------------------------
  Undefined line width                6.0
  Mirror code                         NONE
  Rotate angle                        NONE
  Offset x:                           0.0
  Offset y:                           0.0
  Plot negative                       NO
  Suppress unconnected internal pads  NO



  APERTURES USED:
  ---------------------------------------------------------
  TYPE       SIZE/NAME                   ROT   MIRROR MODE 
  ---------------------------------------------------------
  RECTANGLE  0.01570     x 0.05510       0.000 NO     DARK 
  RECTANGLE  0.03150     x 0.05910       0.000 NO     DARK 
  RECTANGLE  0.03150     x 0.05910      90.000 NO     DARK 
  RECTANGLE  0.03940     x 0.03740       0.000 NO     DARK 
  RECTANGLE  0.03940     x 0.03740      90.000 NO     DARK 
  OBLONG     0.01570     x 0.06300      90.000 NO     DARK 
  OBLONG     0.02400     x 0.08540       0.000 NO     DARK 
  PAD SHAPE  SRX1_93Y1_90R0_10           0.000 NO     DARK 
  PAD SHAPE  SRX0_63Y1_90R0_10           0.000 NO     DARK 

     PASTEMASK_TOP created.


================================================================
     PROCESSING FILM < PASTEMASK_BOTTOM >
     TO FILE < E:/san4ch/Sant4ch/Board/PASTEMASK_BOTTOM.art > ...
================================================================

  FILM PARAMETERS :
  ---------------------------------------------------------
  Undefined line width                6.0
  Mirror code                         NONE
  Rotate angle                        NONE
  Offset x:                           0.0
  Offset y:                           0.0
  Plot negative                       NO
  Suppress unconnected internal pads  NO



  APERTURES USED:  NONE
     PASTEMASK_BOTTOM created.


================================================================
     PROCESSING FILM < DRILL_DRAWING >
     TO FILE < E:/san4ch/Sant4ch/Board/DRILL_DRAWING.art > ...
================================================================

  FILM PARAMETERS :
  ---------------------------------------------------------
  Undefined line width                6.0
  Mirror code                         NONE
  Rotate angle                        NONE
  Offset x:                           0.0
  Offset y:                           0.0
  Plot negative                       NO
  Suppress unconnected internal pads  NO



  APERTURES USED:
  ---------------------------------------------------------
  TYPE       SIZE/NAME                   ROT   MIRROR MODE 
  ---------------------------------------------------------
  CIRCLE     0.00600                                  DARK 

     DRILL_DRAWING created.


================================================================
     PROCESSING FILM < OUTLINE >
     TO FILE < E:/san4ch/Sant4ch/Board/OUTLINE.art > ...
================================================================

  FILM PARAMETERS :
  ---------------------------------------------------------
  Undefined line width                6.0
  Mirror code                         NONE
  Rotate angle                        NONE
  Offset x:                           0.0
  Offset y:                           0.0
  Plot negative                       NO
  Suppress unconnected internal pads  NO



  APERTURES USED:
  ---------------------------------------------------------
  TYPE       SIZE/NAME                   ROT   MIRROR MODE 
  ---------------------------------------------------------
  CIRCLE     0.00600                                  DARK 

     OUTLINE created.


================================================================
     PROCESSING FILM < SICKSCREEN_BOTTOM >
     TO FILE < E:/san4ch/Sant4ch/Board/SICKSCREEN_BOTTOM.art > ...
================================================================

  FILM PARAMETERS :
  ---------------------------------------------------------
  Undefined line width                6.0
  Mirror code                         NONE
  Rotate angle                        NONE
  Offset x:                           0.0
  Offset y:                           0.0
  Plot negative                       NO
  Suppress unconnected internal pads  NO



  APERTURES USED:  NONE
     SICKSCREEN_BOTTOM created.


------------------------------------------------------
 SUMMARY:
        TOP created.
        BOTTOM created.
        SICKSCRESSEN_TOP created with warnings
        SOLDRMSASK_TOP created.
        SOLDRMSARK_BOTTOM created.
        PASTEMASK_TOP created.
        PASTEMASK_BOTTOM created.
        DRILL_DRAWING created.
        OUTLINE created.
        SICKSCREEN_BOTTOM created.

 ARTWORK finished
